\BOOKMARK [1][-]{section.1}{\376\377\000R\000e\000s\000u\000m\000e\000n}{}% 1
\BOOKMARK [1][-]{section.2}{\376\377\000O\000b\000j\000e\000t\000i\000v\000o\000s}{}% 2
\BOOKMARK [1][-]{section.3}{\376\377\000F\000u\000n\000d\000a\000m\000e\000n\000t\000o\000s\000\040\000T\000e\000\363\000r\000i\000c\000o\000s}{}% 3
\BOOKMARK [2][-]{subsection.3.1}{\376\377\000O\000n\000d\000a\000s\000\040\000T\000e\000m\000p\000o\000r\000a\000l\000e\000s}{section.3}% 4
\BOOKMARK [2][-]{subsection.3.2}{\376\377\000T\000e\000o\000r\000\355\000a\000\040\000d\000e\000\040\000G\000r\000a\000f\000o\000s}{section.3}% 5
\BOOKMARK [2][-]{subsection.3.3}{\376\377\000C\000e\000n\000t\000r\000a\000l\000i\000d\000a\000d}{section.3}% 6
\BOOKMARK [2][-]{subsection.3.4}{\376\377\000D\000i\000s\000t\000a\000n\000c\000i\000a\000s}{section.3}% 7
\BOOKMARK [2][-]{subsection.3.5}{\376\377\000V\000o\000l\000a\000t\000i\000l\000i\000d\000a\000d}{section.3}% 8
\BOOKMARK [2][-]{subsection.3.6}{\376\377\000C\000o\000m\000p\000l\000e\000j\000i\000d\000a\000d\000\040\000C\000o\000m\000p\000u\000t\000a\000c\000i\000o\000n\000a\000l\000\040}{section.3}% 9
\BOOKMARK [2][-]{subsection.3.7}{\376\377\000A\000l\000g\000o\000r\000i\000t\000m\000o\000s}{section.3}% 10
\BOOKMARK [1][-]{section.4}{\376\377\000H\000e\000r\000r\000a\000m\000i\000e\000n\000t\000a\000s}{}% 11
\BOOKMARK [2][-]{subsection.4.1}{\376\377\000A\000n\000a\000c\000o\000n\000d\000a}{section.4}% 12
\BOOKMARK [2][-]{subsection.4.2}{\376\377\000S\000p\000y\000d\000e\000r}{section.4}% 13
\BOOKMARK [2][-]{subsection.4.3}{\376\377\000E\000x\000t\000e\000n\000s\000i\000o\000n\000e\000s\000\040\000I\000n\000t\000e\000g\000r\000a\000d\000a\000s\000\040\000e\000n\000\040\000S\000p\000y\000d\000e\000r}{section.4}% 14
\BOOKMARK [2][-]{subsection.4.4}{\376\377\000Q\000t\000\040\000D\000e\000s\000i\000g\000n\000e\000r}{section.4}% 15
\BOOKMARK [2][-]{subsection.4.5}{\376\377\000T\000r\000e\000l\000l\000o}{section.4}% 16
\BOOKMARK [2][-]{subsection.4.6}{\376\377\000G\000i\000t\000h\000u\000b}{section.4}% 17
\BOOKMARK [2][-]{subsection.4.7}{\376\377\000G\000i\000t\000M\000i\000n\000d}{section.4}% 18
\BOOKMARK [2][-]{subsection.4.8}{\376\377\000L\000a\000T\000e\000x}{section.4}% 19
\BOOKMARK [1][-]{section.5}{\376\377\000M\000e\000t\000o\000d\000o\000l\000o\000g\000\355\000a}{}% 20
\BOOKMARK [2][-]{subsection.5.1}{\376\377\000A\000g\000i\000l\000i\000d\000a\000d}{section.5}% 21
\BOOKMARK [2][-]{subsection.5.2}{\376\377\000T\000a\000b\000l\000e\000r\000o\000\040\000K\000a\000n\000b\000a\000n}{section.5}% 22
\BOOKMARK [3][-]{subsubsection.5.2.1}{\376\377\000N\000u\000c\000l\000e\000o}{subsection.5.2}% 23
\BOOKMARK [3][-]{subsubsection.5.2.2}{\376\377\000T\000a\000r\000e\000a\000s}{subsection.5.2}% 24
\BOOKMARK [3][-]{subsubsection.5.2.3}{\376\377\000D\000O\000N\000E}{subsection.5.2}% 25
\BOOKMARK [2][-]{subsection.5.3}{\376\377\000C\000o\000n\000t\000r\000o\000l\000\040\000d\000e\000\040\000v\000e\000r\000s\000i\000o\000n\000e\000s}{section.5}% 26
\BOOKMARK [2][-]{subsection.5.4}{\376\377\000T\000e\000s\000t\000s}{section.5}% 27
\BOOKMARK [2][-]{subsection.5.5}{\376\377\000I\000n\000t\000e\000r\000f\000a\000z}{section.5}% 28
\BOOKMARK [1][-]{section.6}{\376\377\000A\000r\000q\000u\000i\000t\000e\000c\000t\000u\000r\000a}{}% 29
\BOOKMARK [2][-]{subsection.6.1}{\376\377\000F\000u\000n\000d\000a\000m\000e\000n\000t\000o\000s}{section.6}% 30
\BOOKMARK [2][-]{subsection.6.2}{\376\377\000M\000o\000d\000e\000l\000o\000\040\000V\000i\000s\000t\000a\000\040\000C\000o\000n\000t\000r\000o\000l\000a\000d\000o\000r}{section.6}% 31
\BOOKMARK [2][-]{subsection.6.3}{\376\377\000E\000s\000t\000r\000u\000c\000t\000u\000r\000a\000\040\000d\000e\000\040\000M\000o\000d\000e\000l\000o}{section.6}% 32
\BOOKMARK [2][-]{subsection.6.4}{\376\377\000E\000s\000t\000r\000u\000c\000t\000u\000r\000a\000\040\000c\000o\000m\000p\000l\000e\000t\000a}{section.6}% 33
\BOOKMARK [1][-]{section.7}{\376\377\000D\000e\000s\000a\000r\000r\000o\000l\000l\000o}{}% 34
\BOOKMARK [2][-]{subsection.7.1}{\376\377\000F\000a\000s\000e\000\040\0001\000\040\000\050\000E\000x\000e\000l\000\051}{section.7}% 35
\BOOKMARK [2][-]{subsection.7.2}{\376\377\000F\000a\000s\000e\000\040\0002\000\040\000\050\000T\000r\000e\000l\000l\000o\000\051}{section.7}% 36
\BOOKMARK [2][-]{subsection.7.3}{\376\377\000F\000a\000s\000e\000\040\0003\000\040\000\050\000G\000i\000t\000\051}{section.7}% 37
\BOOKMARK [2][-]{subsection.7.4}{\376\377\000C\000a\000s\000o\000s\000\040\000d\000e\000\040\000U\000s\000o}{section.7}% 38
\BOOKMARK [1][-]{section.8}{\376\377\000C\000o\000n\000c\000l\000u\000s\000i\000o\000n\000e\000s}{}% 39
\BOOKMARK [1][-]{section.9}{\376\377\000B\000i\000b\000l\000i\000o\000g\000r\000a\000f\000\355\000a}{}% 40
\BOOKMARK [1][-]{section.10}{\376\377\000A\000p\000\351\000n\000d\000i\000c\000e\000s}{}% 41
